[2025-09-14][10:20:32][app][INFO] Application starting up
[2025-09-14][10:23:37][app][INFO] Application shutting down
[2025-09-14][17:36:00][app][INFO] Application starting up
[2025-09-14][17:37:18][app][INFO] Application shutting down
[2025-09-15][10:20:21][app][INFO] Application starting up
[2025-09-15][10:30:11][app][INFO] Application starting up
[2025-09-15][10:31:32][app][INFO] Application starting up
[2025-09-15][11:22:16][app][INFO] Application shutting down
[2025-09-15][11:39:34][app][INFO] Application starting up
[2025-09-15][11:39:34][rtfm_core::app_state][INFO] Нет сохраненной сессии, создается новая
[2025-09-15][15:34:19][app][INFO] Application starting up
[2025-09-15][15:34:19][rtfm_core::app_state][INFO] Загружена сохраненная сессия
[2025-09-15][15:38:15][app][INFO] Session saved successfully
[2025-09-15][15:38:15][app][INFO] Application shutting down
[2025-09-15][15:50:54][app][INFO] Application starting up
[2025-09-15][15:50:54][rtfm_core::app_state][INFO] Загружена сохраненная сессия
[2025-09-15][15:57:22][app][INFO] Application starting up
[2025-09-15][15:57:22][rtfm_core::app_state][INFO] Загружена сохраненная сессия
[2025-09-15][16:01:16][ui::tui][INFO] Ctrl+N key press detected
[2025-09-15][16:01:16][rtfm_core::app_state][INFO] new_tab called. Current tab count: 1
[2025-09-15][16:01:16][rtfm_core::app_state][INFO] new_tab finished. New tab count: 2. Active index: 1
[2025-09-15][16:01:23][app][INFO] Session saved successfully
[2025-09-15][16:01:23][app][INFO] Application shutting down
[2025-09-15][16:01:26][app][INFO] Application starting up
[2025-09-15][16:01:26][rtfm_core::app_state][INFO] Загружена сохраненная сессия
[2025-09-15][16:01:31][app][INFO] Session saved successfully
[2025-09-15][16:01:31][app][INFO] Application shutting down
[2025-09-15][16:01:33][app][INFO] Application starting up
[2025-09-15][16:01:33][rtfm_core::app_state][INFO] Загружена сохраненная сессия
[2025-09-15][16:01:54][app][INFO] Session saved successfully
[2025-09-15][16:01:54][app][INFO] Application shutting down
[2025-09-15][16:01:56][app][INFO] Application starting up
[2025-09-15][16:01:56][rtfm_core::app_state][INFO] Загружена сохраненная сессия
[2025-09-15][16:14:47][app][INFO] Application starting up
[2025-09-15][16:14:47][rtfm_core::app_state][INFO] Загружена сохраненная сессия
[2025-09-15][16:16:01][app][INFO] Session saved successfully
[2025-09-15][16:16:01][app][INFO] Application shutting down
[2025-09-15][16:16:09][app][INFO] Application starting up
[2025-09-15][16:16:09][rtfm_core::app_state][INFO] Загружена сохраненная сессия
[2025-09-15][16:18:33][app][INFO] Session saved successfully
[2025-09-15][16:18:33][app][INFO] Application shutting down
[2025-09-15][16:26:22][app][INFO] Application starting up
[2025-09-15][16:26:22][rtfm_core::app_state][INFO] Загружена сохраненная сессия
[2025-09-15][16:51:21][app][INFO] Application starting up
[2025-09-15][16:51:21][rtfm_core::app_state][INFO] Загружена сохраненная сессия
[2025-09-15][16:52:11][app][INFO] Session saved successfully
[2025-09-15][16:52:11][app][INFO] Application shutting down
[2025-09-15][16:52:14][app][INFO] Application starting up
[2025-09-15][16:52:14][rtfm_core::app_state][INFO] Загружена сохраненная сессия
[2025-09-15][16:52:16][app][INFO] Session saved successfully
[2025-09-15][16:52:16][app][INFO] Application shutting down
[2025-09-15][16:52:18][app][INFO] Application starting up
[2025-09-15][16:52:18][rtfm_core::app_state][INFO] Загружена сохраненная сессия
[2025-09-15][16:52:47][app][INFO] Session saved successfully
[2025-09-15][16:52:47][app][INFO] Application shutting down
[2025-09-15][16:52:50][app][INFO] Application starting up
[2025-09-15][16:52:50][rtfm_core::app_state][INFO] Загружена сохраненная сессия
[2025-09-15][16:53:29][app][INFO] Session saved successfully
[2025-09-15][16:53:29][app][INFO] Application shutting down
[2025-09-15][17:00:00][app][INFO] Application starting up
[2025-09-15][17:00:00][rtfm_core::app_state][INFO] Загружена сохраненная сессия
[2025-09-15][17:01:22][app][INFO] Session saved successfully
[2025-09-15][17:01:22][app][INFO] Application shutting down
[2025-09-15][17:01:24][app][INFO] Application starting up
[2025-09-15][17:01:24][rtfm_core::app_state][INFO] Загружена сохраненная сессия
[2025-09-15][17:01:31][app][INFO] Session saved successfully
[2025-09-15][17:01:31][app][INFO] Application shutting down
[2025-09-15][17:27:34][app][INFO] Application starting up
[2025-09-15][17:27:34][rtfm_core::app_state][INFO] Загружена сохраненная сессия
[2025-09-15][18:20:32][app][INFO] Session saved successfully
[2025-09-15][18:20:32][app][INFO] Application shutting down
[2025-09-15][18:20:42][app][INFO] Application starting up
[2025-09-15][18:20:42][rtfm_core::app_state][INFO] Загружена сохраненная сессия
[2025-09-15][18:24:09][app][INFO] Session saved successfully
[2025-09-15][18:24:09][app][INFO] Application shutting down
[2025-09-15][19:27:02][app][INFO] Application starting up
[2025-09-15][19:27:02][rtfm_core::app_state][INFO] Загружена сохраненная сессия
[2025-09-15][19:37:56][app][INFO] Session saved successfully
[2025-09-15][19:37:56][app][INFO] Application shutting down
[2025-09-15][19:38:09][app][INFO] Application starting up
[2025-09-15][19:38:09][rtfm_core::app_state][INFO] Загружена сохраненная сессия
[2025-09-15][19:45:13][app][INFO] Session saved successfully
[2025-09-15][19:45:13][app][INFO] Application shutting down
[2025-09-15][19:49:58][app][INFO] Application starting up
[2025-09-15][19:49:58][rtfm_core::app_state][INFO] Загружена сохраненная сессия
[2025-09-15][19:53:59][rtfm_core::app_state][ERROR] Failed to read directory "/run/media/osha/FLOExFAT500": No such file or directory (os error 2)
[2025-09-15][19:54:02][rtfm_core::app_state][ERROR] Failed to read directory "/run/media/osha/FLOExFAT500": No such file or directory (os error 2)
[2025-09-15][20:36:56][app][INFO] Session saved successfully
[2025-09-15][20:36:56][app][INFO] Application shutting down
[2025-09-15][21:00:21][app][INFO] Application starting up
[2025-09-15][21:00:21][rtfm_core::app_state][INFO] Загружена сохраненная сессия
[2025-09-15][21:10:29][app][INFO] Session saved successfully
[2025-09-15][21:10:29][app][INFO] Application shutting down
[2025-09-15][21:10:39][app][INFO] Application starting up
[2025-09-15][21:10:39][rtfm_core::app_state][INFO] Загружена сохраненная сессия
[2025-09-15][21:11:25][app][INFO] Session saved successfully
[2025-09-15][21:11:25][app][INFO] Application shutting down
[2025-09-15][21:43:53][app][INFO] Application starting up
[2025-09-15][21:43:53][rtfm_core::app_state][INFO] Загружена сохраненная сессия
[2025-09-15][21:50:36][app][INFO] Session saved successfully
[2025-09-15][21:50:36][app][INFO] Application shutting down
[2025-09-15][21:51:38][app][INFO] Application starting up
[2025-09-15][21:51:38][rtfm_core::app_state][INFO] Загружена сохраненная сессия
[2025-09-15][22:28:18][app][INFO] Session saved successfully
[2025-09-15][22:28:18][app][INFO] Application shutting down
[2025-09-15][22:29:25][app][INFO] Application starting up
[2025-09-15][22:29:25][rtfm_core::app_state][INFO] Загружена сохраненная сессия
[2025-09-15][22:52:31][app][INFO] Session saved successfully
[2025-09-15][22:52:31][app][INFO] Application shutting down
[2025-09-15][22:52:43][app][INFO] Application starting up
[2025-09-15][22:52:43][rtfm_core::app_state][INFO] Загружена сохраненная сессия
[2025-09-15][23:42:40][app][INFO] Session saved successfully
[2025-09-15][23:42:40][app][INFO] Application shutting down
[2025-09-15][23:42:48][app][INFO] Application starting up
[2025-09-15][23:42:48][rtfm_core::app_state][INFO] Загружена сохраненная сессия
[2025-09-15][23:49:57][app][INFO] Session saved successfully
[2025-09-15][23:49:57][app][INFO] Application shutting down
[2025-09-16][10:28:30][app][INFO] Application starting up
[2025-09-16][10:28:30][rtfm_core::app_state][INFO] Загружена сохраненная сессия
[2025-09-16][10:43:28][app][INFO] Session saved successfully
[2025-09-16][10:43:28][app][INFO] Application shutting down
[2025-09-16][10:48:05][app][INFO] Application starting up
[2025-09-16][10:48:05][rtfm_core::app_state][INFO] Загружена сохраненная сессия
[2025-09-16][16:27:30][app][INFO] Application starting up
[2025-09-16][16:27:30][rtfm_core::app_state][INFO] Загружена сохраненная сессия
[2025-09-16][16:32:31][app][INFO] Session saved successfully
[2025-09-16][16:32:31][app][INFO] Application shutting down
[2025-09-16][16:38:22][app][INFO] Application starting up
[2025-09-16][16:38:22][rtfm_core::app_state][INFO] Загружена сохраненная сессия
[2025-09-16][16:39:36][app][INFO] Session saved successfully
[2025-09-16][16:39:36][app][INFO] Application shutting down
